#
# There is insufficient memory for the Java Runtime Environment to continue.
# Native memory allocation (malloc) failed to allocate 1902656 bytes for Chunk::new
# Possible reasons:
#   The system is out of physical RAM or swap space
#   In 32 bit mode, the process size limit was hit
# Possible solutions:
#   Reduce memory load on the system
#   Increase physical memory or swap space
#   Check if swap backing store is full
#   Use 64 bit Java on a 64 bit OS
#   Decrease Java heap size (-Xmx/-Xms)
#   Decrease number of Java threads
#   Decrease Java thread stack sizes (-Xss)
#   Set larger code cache with -XX:ReservedCodeCacheSize=
# This output file may be truncated or incomplete.
#
#  Out of Memory Error (allocation.cpp:390), pid=26192, tid=13876
#
# JRE version: Java(TM) SE Runtime Environment (8.0_66-b18) (build 1.8.0_66-b18)
# Java VM: Java HotSpot(TM) 64-Bit Server VM (25.66-b18 mixed mode windows-amd64 compressed oops)
# Failed to write core dump. Minidumps are not enabled by default on client versions of Windows
#

---------------  T H R E A D  ---------------

Current thread (0x000000001640d000):  JavaThread "C2 CompilerThread0" daemon [_thread_in_native, id=13876, stack(0x0000000017960000,0x0000000017a60000)]

Stack: [0x0000000017960000,0x0000000017a60000]
[error occurred during error reporting (printing stack bounds), id 0xc0000005]

Native frames: (J=compiled Java code, j=interpreted, Vv=VM code, C=native code)


Current CompileTask:
C2:  31804 3803   !   4       com.sun.beans.TypeResolver::resolve (274 bytes)


---------------  P R O C E S S  ---------------

Java Threads: ( => current thread )
  0x0000000019162800 JavaThread "File lock request listener" [_thread_in_native, id=22696, stack(0x000000001d3a0000,0x000000001d4a0000)]
  0x00000000183ee000 JavaThread "Stdin handler" [_thread_blocked, id=26436, stack(0x000000001a900000,0x000000001aa00000)]
  0x00000000183e9800 JavaThread "Asynchronous log dispatcher for org.gradle.launcher.daemon.server.DefaultDaemonConnection@214753e6" [_thread_blocked, id=23324, stack(0x000000001a800000,0x000000001a900000)]
  0x000000001881b000 JavaThread "Daemon worker" [_thread_blocked, id=10212, stack(0x000000001a500000,0x000000001a600000)]
  0x0000000018510800 JavaThread "Cancel handler" [_thread_blocked, id=23544, stack(0x000000001a400000,0x000000001a500000)]
  0x00000000185da800 JavaThread "Handler for socket connection from /127.0.0.1:62989 to /127.0.0.1:62990" [_thread_in_native, id=23884, stack(0x000000001a300000,0x000000001a400000)]
  0x0000000017bd9800 JavaThread "Daemon" [_thread_blocked, id=21300, stack(0x000000001a200000,0x000000001a300000)]
  0x00000000182fa800 JavaThread "Incoming local TCP Connector on port 62989" [_thread_in_native, id=8916, stack(0x0000000019df0000,0x0000000019ef0000)]
  0x0000000018cb0000 JavaThread "pool-1-thread-1" [_thread_blocked, id=26348, stack(0x0000000018a80000,0x0000000018b80000)]
  0x0000000017ac0800 JavaThread "Service Thread" daemon [_thread_blocked, id=952, stack(0x0000000018060000,0x0000000018160000)]
  0x0000000017ab9000 JavaThread "C1 CompilerThread2" daemon [_thread_blocked, id=8088, stack(0x0000000017f60000,0x0000000018060000)]
  0x0000000017a60800 JavaThread "C2 CompilerThread1" daemon [_thread_in_native, id=5240, stack(0x0000000017e60000,0x0000000017f60000)]
=>0x000000001640d000 JavaThread "C2 CompilerThread0" daemon [_thread_in_native, id=13876, stack(0x0000000017960000,0x0000000017a60000)]
  0x000000001640b800 JavaThread "Attach Listener" daemon [_thread_blocked, id=19728, stack(0x0000000017860000,0x0000000017960000)]
  0x000000001640a000 JavaThread "Signal Dispatcher" daemon [_thread_blocked, id=12380, stack(0x0000000017760000,0x0000000017860000)]
  0x0000000002a31800 JavaThread "Finalizer" daemon [_thread_blocked, id=6964, stack(0x0000000017600000,0x0000000017700000)]
  0x0000000002a2e800 JavaThread "Reference Handler" daemon [_thread_blocked, id=17856, stack(0x0000000017500000,0x0000000017600000)]
  0x0000000002940800 JavaThread "main" [_thread_blocked, id=6012, stack(0x0000000002840000,0x0000000002940000)]

Other Threads:
  0x0000000016376000 VMThread [stack: 0x0000000017400000,0x0000000017500000] [id=13280]
  0x0000000017b23800 WatcherThread [stack: 0x0000000018160000,0x0000000018260000] [id=24144]

VM state:at safepoint (normal execution)

VM Mutex/Monitor currently owned by a thread:  ([mutex/lock_event])
[0x0000000000d8bd10] Threads_lock - owner thread: 0x0000000016376000
[0x0000000000d8bc90] Heap_lock - owner thread: 0x000000001881b000

Heap:
 PSYoungGen      total 104448K, used 5682K [0x00000000e0000000, 0x00000000e7600000, 0x0000000100000000)
  eden space 96256K, 0% used [0x00000000e0000000,0x00000000e0000000,0x00000000e5e00000)
  from space 8192K, 69% used [0x00000000e5e00000,0x00000000e638c9c8,0x00000000e6600000)
  to   space 10752K, 0% used [0x00000000e6b80000,0x00000000e6b80000,0x00000000e7600000)
 ParOldGen       total 86016K, used 18812K [0x00000000a0000000, 0x00000000a5400000, 0x00000000e0000000)
  object space 86016K, 21% used [0x00000000a0000000,0x00000000a125f070,0x00000000a5400000)
 Metaspace       used 36290K, capacity 36894K, committed 37248K, reserved 1085440K
  class space    used 4985K, capacity 5179K, committed 5248K, reserved 1048576K

Card table byte_map: [0x0000000011e00000,0x0000000012110000] byte_map_base: 0x0000000011900000

Marking Bits: (ParMarkBitMap*) 0x000000006c57a5b0
 Begin Bits: [0x0000000012710000, 0x0000000013f10000)
 End Bits:   [0x0000000013f10000, 0x0000000015710000)

Polling page: 0x0000000000d10000

CodeCache: size=245760Kb used=13261Kb max_used=13275Kb free=232498Kb
 bounds [0x0000000002a40000, 0x0000000003750000, 0x0000000011a40000]
 total_blobs=4287 nmethods=3608 adapters=591
 compilation: enabled

Compilation events (10 events):
Event: 31.358 Thread 0x0000000017ab9000 3822       3       org.gradle.api.internal.DefaultDomainObjectCollection$IteratorImpl::hasNext (10 bytes)
Event: 31.358 Thread 0x0000000017ab9000 nmethod 3822 0x000000000372c4d0 code [0x000000000372c640, 0x000000000372c868]
Event: 31.417 Thread 0x000000001640d000 nmethod 3782 0x0000000003734ed0 code [0x0000000003735480, 0x000000000373ac28]
Event: 31.417 Thread 0x000000001640d000 3781       4       org.codehaus.groovy.reflection.CachedClass::hashCode (33 bytes)
Event: 31.418 Thread 0x000000001640d000 nmethod 3781 0x0000000003731f50 code [0x00000000037320a0, 0x0000000003732168]
Event: 31.418 Thread 0x000000001640d000 3803   !   4       com.sun.beans.TypeResolver::resolve (274 bytes)
Event: 31.456 Thread 0x0000000017ab9000 3823       3       java.security.CodeSource::matchCerts (254 bytes)
Event: 31.457 Thread 0x0000000017ab9000 nmethod 3823 0x0000000003733c10 code [0x0000000003733e20, 0x0000000003734998]
Event: 31.602 Thread 0x0000000017ab9000 3826       3       java.util.TreeMap::getEntryUsingComparator (74 bytes)
Event: 31.603 Thread 0x0000000017ab9000 nmethod 3826 0x0000000003733550 code [0x00000000037336e0, 0x0000000003733ac8]

GC Heap History (10 events):
Event: 11.989 GC heap before
{Heap before GC invocations=4 (full 1):
 PSYoungGen      total 57344K, used 8166K [0x00000000e0000000, 0x00000000e7000000, 0x0000000100000000)
  eden space 49152K, 0% used [0x00000000e0000000,0x00000000e0000000,0x00000000e3000000)
  from space 8192K, 99% used [0x00000000e3000000,0x00000000e37f9a98,0x00000000e3800000)
  to   space 8192K, 0% used [0x00000000e6800000,0x00000000e6800000,0x00000000e7000000)
 ParOldGen       total 131072K, used 3005K [0x00000000a0000000, 0x00000000a8000000, 0x00000000e0000000)
  object space 131072K, 2% used [0x00000000a0000000,0x00000000a02ef708,0x00000000a8000000)
 Metaspace       used 20863K, capacity 21190K, committed 21296K, reserved 1067008K
  class space    used 2793K, capacity 2916K, committed 2944K, reserved 1048576K
Event: 12.355 GC heap after
Heap after GC invocations=4 (full 1):
 PSYoungGen      total 57344K, used 0K [0x00000000e0000000, 0x00000000e7000000, 0x0000000100000000)
  eden space 49152K, 0% used [0x00000000e0000000,0x00000000e0000000,0x00000000e3000000)
  from space 8192K, 0% used [0x00000000e3000000,0x00000000e3000000,0x00000000e3800000)
  to   space 8192K, 0% used [0x00000000e6800000,0x00000000e6800000,0x00000000e7000000)
 ParOldGen       total 86016K, used 8585K [0x00000000a0000000, 0x00000000a5400000, 0x00000000e0000000)
  object space 86016K, 9% used [0x00000000a0000000,0x00000000a0862770,0x00000000a5400000)
 Metaspace       used 20863K, capacity 21190K, committed 21296K, reserved 1067008K
  class space    used 2793K, capacity 2916K, committed 2944K, reserved 1048576K
}
Event: 20.908 GC heap before
{Heap before GC invocations=5 (full 1):
 PSYoungGen      total 57344K, used 49152K [0x00000000e0000000, 0x00000000e7000000, 0x0000000100000000)
  eden space 49152K, 100% used [0x00000000e0000000,0x00000000e3000000,0x00000000e3000000)
  from space 8192K, 0% used [0x00000000e3000000,0x00000000e3000000,0x00000000e3800000)
  to   space 8192K, 0% used [0x00000000e6800000,0x00000000e6800000,0x00000000e7000000)
 ParOldGen       total 86016K, used 8585K [0x00000000a0000000, 0x00000000a5400000, 0x00000000e0000000)
  object space 86016K, 9% used [0x00000000a0000000,0x00000000a0862770,0x00000000a5400000)
 Metaspace       used 25119K, capacity 25594K, committed 25984K, reserved 1071104K
  class space    used 3490K, capacity 3633K, committed 3712K, reserved 1048576K
Event: 21.020 GC heap after
Heap after GC invocations=5 (full 1):
 PSYoungGen      total 77312K, used 5715K [0x00000000e0000000, 0x00000000e6e00000, 0x0000000100000000)
  eden space 71168K, 0% used [0x00000000e0000000,0x00000000e0000000,0x00000000e4580000)
  from space 6144K, 93% used [0x00000000e6800000,0x00000000e6d94e80,0x00000000e6e00000)
  to   space 8192K, 0% used [0x00000000e5e00000,0x00000000e5e00000,0x00000000e6600000)
 ParOldGen       total 86016K, used 8585K [0x00000000a0000000, 0x00000000a5400000, 0x00000000e0000000)
  object space 86016K, 9% used [0x00000000a0000000,0x00000000a0862770,0x00000000a5400000)
 Metaspace       used 25119K, capacity 25594K, committed 25984K, reserved 1071104K
  class space    used 3490K, capacity 3633K, committed 3712K, reserved 1048576K
}
Event: 26.660 GC heap before
{Heap before GC invocations=6 (full 1):
 PSYoungGen      total 77312K, used 76883K [0x00000000e0000000, 0x00000000e6e00000, 0x0000000100000000)
  eden space 71168K, 100% used [0x00000000e0000000,0x00000000e4580000,0x00000000e4580000)
  from space 6144K, 93% used [0x00000000e6800000,0x00000000e6d94e80,0x00000000e6e00000)
  to   space 8192K, 0% used [0x00000000e5e00000,0x00000000e5e00000,0x00000000e6600000)
 ParOldGen       total 86016K, used 8585K [0x00000000a0000000, 0x00000000a5400000, 0x00000000e0000000)
  object space 86016K, 9% used [0x00000000a0000000,0x00000000a0862770,0x00000000a5400000)
 Metaspace       used 28806K, capacity 29358K, committed 29568K, reserved 1075200K
  class space    used 3983K, capacity 4144K, committed 4224K, reserved 1048576K
Event: 26.696 GC heap after
Heap after GC invocations=6 (full 1):
 PSYoungGen      total 104448K, used 8093K [0x00000000e0000000, 0x00000000e7600000, 0x0000000100000000)
  eden space 96256K, 0% used [0x00000000e0000000,0x00000000e0000000,0x00000000e5e00000)
  from space 8192K, 98% used [0x00000000e5e00000,0x00000000e65e77c0,0x00000000e6600000)
  to   space 10752K, 0% used [0x00000000e6b80000,0x00000000e6b80000,0x00000000e7600000)
 ParOldGen       total 86016K, used 8593K [0x00000000a0000000, 0x00000000a5400000, 0x00000000e0000000)
  object space 86016K, 9% used [0x00000000a0000000,0x00000000a0864770,0x00000000a5400000)
 Metaspace       used 28806K, capacity 29358K, committed 29568K, reserved 1075200K
  class space    used 3983K, capacity 4144K, committed 4224K, reserved 1048576K
}
Event: 29.599 GC heap before
{Heap before GC invocations=7 (full 1):
 PSYoungGen      total 104448K, used 83639K [0x00000000e0000000, 0x00000000e7600000, 0x0000000100000000)
  eden space 96256K, 78% used [0x00000000e0000000,0x00000000e49c65d0,0x00000000e5e00000)
  from space 8192K, 98% used [0x00000000e5e00000,0x00000000e65e77c0,0x00000000e6600000)
  to   space 10752K, 0% used [0x00000000e6b80000,0x00000000e6b80000,0x00000000e7600000)
 ParOldGen       total 86016K, used 8593K [0x00000000a0000000, 0x00000000a5400000, 0x00000000e0000000)
  object space 86016K, 9% used [0x00000000a0000000,0x00000000a0864770,0x00000000a5400000)
 Metaspace       used 34503K, capacity 35064K, committed 35456K, reserved 1079296K
  class space    used 4707K, capacity 4869K, committed 4992K, reserved 1048576K
Event: 29.655 GC heap after
Heap after GC invocations=7 (full 1):
 PSYoungGen      total 107008K, used 10721K [0x00000000e0000000, 0x00000000e7600000, 0x0000000100000000)
  eden space 96256K, 0% used [0x00000000e0000000,0x00000000e0000000,0x00000000e5e00000)
  from space 10752K, 99% used [0x00000000e6b80000,0x00000000e75f85e8,0x00000000e7600000)
  to   space 8192K, 0% used [0x00000000e5e00000,0x00000000e5e00000,0x00000000e6600000)
 ParOldGen       total 86016K, used 10293K [0x00000000a0000000, 0x00000000a5400000, 0x00000000e0000000)
  object space 86016K, 11% used [0x00000000a0000000,0x00000000a0a0d600,0x00000000a5400000)
 Metaspace       used 34503K, capacity 35064K, committed 35456K, reserved 1079296K
  class space    used 4707K, capacity 4869K, committed 4992K, reserved 1048576K
}
Event: 29.655 GC heap before
{Heap before GC invocations=8 (full 2):
 PSYoungGen      total 107008K, used 10721K [0x00000000e0000000, 0x00000000e7600000, 0x0000000100000000)
  eden space 96256K, 0% used [0x00000000e0000000,0x00000000e0000000,0x00000000e5e00000)
  from space 10752K, 99% used [0x00000000e6b80000,0x00000000e75f85e8,0x00000000e7600000)
  to   space 8192K, 0% used [0x00000000e5e00000,0x00000000e5e00000,0x00000000e6600000)
 ParOldGen       total 86016K, used 10293K [0x00000000a0000000, 0x00000000a5400000, 0x00000000e0000000)
  object space 86016K, 11% used [0x00000000a0000000,0x00000000a0a0d600,0x00000000a5400000)
 Metaspace       used 34503K, capacity 35064K, committed 35456K, reserved 1079296K
  class space    used 4707K, capacity 4869K, committed 4992K, reserved 1048576K
Event: 30.053 GC heap after
Heap after GC invocations=8 (full 2):
 PSYoungGen      total 107008K, used 0K [0x00000000e0000000, 0x00000000e7600000, 0x0000000100000000)
  eden space 96256K, 0% used [0x00000000e0000000,0x00000000e0000000,0x00000000e5e00000)
  from space 10752K, 0% used [0x00000000e6b80000,0x00000000e6b80000,0x00000000e7600000)
  to   space 8192K, 0% used [0x00000000e5e00000,0x00000000e5e00000,0x00000000e6600000)
 ParOldGen       total 86016K, used 18804K [0x00000000a0000000, 0x00000000a5400000, 0x00000000e0000000)
  object space 86016K, 21% used [0x00000000a0000000,0x00000000a125d070,0x00000000a5400000)
 Metaspace       used 34503K, capacity 35064K, committed 35456K, reserved 1079296K
  class space    used 4707K, capacity 4869K, committed 4992K, reserved 1048576K
}

Deoptimization events (10 events):
Event: 28.265 Thread 0x000000001881b000 Uncommon trap: reason=class_check action=maybe_recompile pc=0x0000000003591d74 method=com.google.common.collect.AbstractMapBasedMultimap$WrappedCollection$WrappedIterator.hasNext()Z @ 8
Event: 28.265 Thread 0x000000001881b000 Uncommon trap: reason=class_check action=maybe_recompile pc=0x0000000003591d74 method=com.google.common.collect.AbstractMapBasedMultimap$WrappedCollection$WrappedIterator.hasNext()Z @ 8
Event: 29.030 Thread 0x000000001881b000 Uncommon trap: reason=bimorphic action=maybe_recompile pc=0x00000000032af5d4 method=java.util.regex.Pattern$Start.match(Ljava/util/regex/Matcher;ILjava/lang/CharSequence;)Z @ 44
Event: 29.151 Thread 0x000000001881b000 Uncommon trap: reason=bimorphic action=maybe_recompile pc=0x00000000032af5d4 method=java.util.regex.Pattern$Start.match(Ljava/util/regex/Matcher;ILjava/lang/CharSequence;)Z @ 44
Event: 29.151 Thread 0x000000001881b000 Uncommon trap: reason=bimorphic action=maybe_recompile pc=0x00000000032af5d4 method=java.util.regex.Pattern$Start.match(Ljava/util/regex/Matcher;ILjava/lang/CharSequence;)Z @ 44
Event: 29.154 Thread 0x000000001881b000 Uncommon trap: reason=bimorphic action=maybe_recompile pc=0x00000000032af5d4 method=java.util.regex.Pattern$Start.match(Ljava/util/regex/Matcher;ILjava/lang/CharSequence;)Z @ 44
Event: 29.410 Thread 0x000000001881b000 Uncommon trap: reason=unstable_if action=reinterpret pc=0x000000000329ad8c method=java.lang.ThreadLocal.get()Ljava/lang/Object; @ 11
Event: 30.399 Thread 0x000000001881b000 Uncommon trap: reason=unstable_if action=reinterpret pc=0x0000000002f9c37c method=java.lang.CharacterDataLatin1.isWhitespace(I)Z @ 14
Event: 30.565 Thread 0x000000001881b000 Uncommon trap: reason=unstable_if action=reinterpret pc=0x00000000031a566c method=java.security.CodeSource.getCertificates()[Ljava/security/cert/Certificate; @ 22
Event: 30.586 Thread 0x000000001881b000 Uncommon trap: reason=unstable_if action=reinterpret pc=0x0000000002b813c0 method=java.util.LinkedHashMap.get(Ljava/lang/Object;)Ljava/lang/Object; @ 20

Internal exceptions (10 events):
Event: 31.343 Thread 0x000000001881b000 Exception <a 'java/lang/ClassNotFoundException': org/gradle/api/file/ConfigurableFileTreeBeanInfo> (0x00000000e2499fb8) thrown at [C:\re\workspace\8-2-build-windows-amd64-cygwin\jdk8u66\5298\hotspot\src\share\vm\classfile\systemDictionary.cpp, line 210]
Event: 31.343 Thread 0x000000001881b000 Exception <a 'java/lang/ClassNotFoundException': org/gradle/api/file/ConfigurableFileTreeCustomizer> (0x00000000e24bf1c0) thrown at [C:\re\workspace\8-2-build-windows-amd64-cygwin\jdk8u66\5298\hotspot\src\share\vm\classfile\systemDictionary.cpp, line 210]
Event: 31.345 Thread 0x000000001881b000 Exception <a 'java/lang/ClassNotFoundException': org/gradle/api/file/DirectoryTreeBeanInfo> (0x00000000e24f40a0) thrown at [C:\re\workspace\8-2-build-windows-amd64-cygwin\jdk8u66\5298\hotspot\src\share\vm\classfile\systemDictionary.cpp, line 210]
Event: 31.345 Thread 0x000000001881b000 Exception <a 'java/lang/ClassNotFoundException': org/gradle/api/file/DirectoryTreeCustomizer> (0x00000000e2517780) thrown at [C:\re\workspace\8-2-build-windows-amd64-cygwin\jdk8u66\5298\hotspot\src\share\vm\classfile\systemDictionary.cpp, line 210]
Event: 31.347 Thread 0x000000001881b000 Exception <a 'java/lang/ClassNotFoundException': org/gradle/api/tasks/util/PatternFilterableBeanInfo> (0x00000000e254d220) thrown at [C:\re\workspace\8-2-build-windows-amd64-cygwin\jdk8u66\5298\hotspot\src\share\vm\classfile\systemDictionary.cpp, line 210]?¡–ÌY?@
Event: 31.348 Thread 0x000000001881b000 Exception <a 'java/lang/ClassNotFoundException': org/gradle/api/tasks/util/PatternFilterableCustomizer> (0x00000000e2574b58) thrown at [C:\re\workspace\8-2-build-windows-amd64-cygwin\jdk8u66\5298\hotspot\src\share\vm\classfile\systemDictionary.cpp, line 21slT¾ ?@
Event: 31.628 Thread 0x000000001881b000 Exception <a 'sun/nio/fs/WindowsException'> (0x00000000e2ae2478) thrown at [C:\re\workspace\8-2-build-windows-amd64-cygwin\jdk8u66\5298\hotspot\src\share\vm\prims\jni.cpp, line 709]
Event: 31.628 Thread 0x000000001881b000 Exception <a 'sun/nio/fs/WindowsException'> (0x00000000e2ae2ef0) thrown at [C:\re\workspace\8-2-build-windows-amd64-cygwin\jdk8u66\5298\hotspot\src\share\vm\prims\jni.cpp, line 709]
Event: 31.628 Thread 0x000000001881b000 Exception <a 'sun/nio/fs/WindowsException'> (0x00000000e2ae4a60) thrown at [C:\re\workspace\8-2-build-windows-amd64-cygwin\jdk8u66\5298\hotspot\src\share\vm\prims\jni.cpp, line 709]
Event: 31.628 Thread 0x000000001881b000 Exception <a 'sun/nio/fs/WindowsException'> (0x00000000e2ae54f8) thrown at [C:\re\workspace\8-2-build-windows-amd64-cygwin\jdk8u66\5298\hotspot\src\share\vm\prims\jni.cpp, line 709]

Events (10 events):
Event: 31.642 loading class java/util/Spliterators$EmptySpliterator$OfLong done
Event: 31.642 loading class java/util/Spliterators$EmptySpliterator$OfDouble
Event: 31.692 loading class java/util/Spliterator$OfDouble
Event: 31.692 loading class java/util/Spliterator$OfDouble done
Event: 31.692 loading class java/util/Spliterators$EmptySpliterator$OfDouble done
Event: 31.692 loading class java/util/Spliterators$IteratorSpliterator
Event: 31.700 loading class java/util/Spliterators$IteratorSpliterator done
Event: 31.700 loading class java/util/stream/StreamSupport
Event: 31.700 loading class java/util/stream/StreamSupport done
Event: 31.700 loading class java/util/stream/ReferencePipeline$Head


Dynamic libraries:
0x00007ff65b620000 - 0x00007ff65b657000 	D:\Jdk\jdk_64\bin\java.exe
0x00007ffc98c60000 - 0x00007ffc98e31000 	C:\WINDOWS\SYSTEM32\ntdll.dll
0x00007ffc96950000 - 0x00007ffc969fb000 	C:\WINDOWS\System32\KERNEL32.DLL
0x00007ffc95150000 - 0x00007ffc9536d000 	C:\WINDOWS\System32\KERNELBASE.dll
0x00007ffc970c0000 - 0x00007ffc97162000 	C:\WINDOWS\System32\ADVAPI32.dll
0x00007ffc971e0000 - 0x00007ffc9727e000 	C:\WINDOWS\System32\msvcrt.dll
0x00007ffc962c0000 - 0x00007ffc96319000 	C:\WINDOWS\System32\sechost.dll
0x00007ffc96aa0000 - 0x00007ffc96bc1000 	C:\WINDOWS\System32\RPCRT4.dll
0x00007ffc96f50000 - 0x00007ffc970b5000 	C:\WINDOWS\System32\USER32.dll
0x00007ffc96040000 - 0x00007ffc9605e000 	C:\WINDOWS\System32\win32u.dll
0x00007ffc96900000 - 0x00007ffc96934000 	C:\WINDOWS\System32\GDI32.dll
0x00007ffc96060000 - 0x00007ffc961e2000 	C:\WINDOWS\System32\gdi32full.dll
0x00007ffc8cc80000 - 0x00007ffc8cef9000 	C:\WINDOWS\WinSxS\amd64_microsoft.windows.common-controls_6595b64144ccf1df_6.0.14393.447_none_42191651c6827bb3\COMCTL32.dll
0x00007ffc972a0000 - 0x00007ffc97567000 	C:\WINDOWS\System32\combase.dll
0x00007ffc95b70000 - 0x00007ffc95c65000 	C:\WINDOWS\System32\ucrtbase.dll
0x00007ffc95b00000 - 0x00007ffc95b6a000 	C:\WINDOWS\System32\bcryptPrimitives.dll
0x00007ffc97580000 - 0x00007ffc975ae000 	C:\WINDOWS\System32\IMM32.DLL
0x000000006d500000 - 0x000000006d5d2000 	D:\Jdk\jdk_64\jre\bin\msvcr100.dll
0x000000006bd70000 - 0x000000006c5f9000 	D:\Jdk\jdk_64\jre\bin\server\jvm.dll
0x00007ffc96750000 - 0x00007ffc96758000 	C:\WINDOWS\System32\PSAPI.DLL
0x00007ffc91a00000 - 0x00007ffc91a09000 	C:\WINDOWS\SYSTEM32\WSOCK32.dll
0x00007ffc97170000 - 0x00007ffc971da000 	C:\WINDOWS\System32\WS2_32.dll
0x00007ffc93440000 - 0x00007ffc93463000 	C:\WINDOWS\SYSTEM32\WINMM.dll
0x00007ffc8f860000 - 0x00007ffc8f86a000 	C:\WINDOWS\SYSTEM32\VERSION.dll
0x00007ffc93040000 - 0x00007ffc9306b000 	C:\WINDOWS\SYSTEM32\WINMMBASE.dll
0x00007ffc95ab0000 - 0x00007ffc95af2000 	C:\WINDOWS\System32\cfgmgr32.dll
0x000000006ec60000 - 0x000000006ec6f000 	D:\Jdk\jdk_64\jre\bin\verify.dll
0x000000006ec30000 - 0x000000006ec59000 	D:\Jdk\jdk_64\jre\bin\java.dll
0x000000006ec10000 - 0x000000006ec26000 	D:\Jdk\jdk_64\jre\bin\zip.dll
0x00007ffc975b0000 - 0x00007ffc98ab9000 	C:\WINDOWS\System32\SHELL32.dll
0x00007ffc95370000 - 0x00007ffc95a4a000 	C:\WINDOWS\System32\windows.storage.dll
0x00007ffc950f0000 - 0x00007ffc9513c000 	C:\WINDOWS\System32\powrprof.dll
0x00007ffc961f0000 - 0x00007ffc96242000 	C:\WINDOWS\System32\shlwapi.dll
0x00007ffc950e0000 - 0x00007ffc950ef000 	C:\WINDOWS\System32\kernel.appcore.dll
0x00007ffc95dc0000 - 0x00007ffc95e69000 	C:\WINDOWS\System32\shcore.dll
0x00007ffc950c0000 - 0x00007ffc950d4000 	C:\WINDOWS\System32\profapi.dll
0x000000006ebf0000 - 0x000000006ec0a000 	D:\Jdk\jdk_64\jre\bin\net.dll
0x00007ffc948f0000 - 0x00007ffc9494c000 	C:\WINDOWS\system32\mswsock.dll
0x000000006ebd0000 - 0x000000006ebe1000 	D:\Jdk\jdk_64\jre\bin\nio.dll
0x00007ffc8a610000 - 0x00007ffc8a622000 	C:\Users\john\.gradle\native\19\windows-amd64\native-platform.dll
0x00007ffc94b60000 - 0x00007ffc94b77000 	C:\WINDOWS\SYSTEM32\CRYPTSP.dll
0x00007ffc94a70000 - 0x00007ffc94aa3000 	C:\WINDOWS\system32\rsaenh.dll
0x00007ffc94c70000 - 0x00007ffc94c9b000 	C:\WINDOWS\SYSTEM32\bcrypt.dll
0x00007ffc94770000 - 0x00007ffc9478f000 	C:\WINDOWS\SYSTEM32\USERENV.dll
0x00007ffc94b80000 - 0x00007ffc94b8b000 	C:\WINDOWS\SYSTEM32\CRYPTBASE.dll
0x00007ffc94680000 - 0x00007ffc946b8000 	C:\WINDOWS\SYSTEM32\IPHLPAPI.DLL
0x00007ffc96940000 - 0x00007ffc96948000 	C:\WINDOWS\System32\NSI.dll
0x00007ffc8c570000 - 0x00007ffc8c586000 	C:\WINDOWS\SYSTEM32\dhcpcsvc6.DLL
0x00007ffc8c540000 - 0x00007ffc8c55a000 	C:\WINDOWS\SYSTEM32\dhcpcsvc.DLL
0x000000006ebc0000 - 0x000000006ebcd000 	D:\Jdk\jdk_64\jre\bin\management.dll

VM Arguments:
jvm_args: -Xmx1536m -Dfile.encoding=GBK -Duser.country=CN -Duser.language=zh -Duser.variant 
java_command: org.gradle.launcher.daemon.bootstrap.GradleDaemon 2.14.1
java_class_path (initial): C:\Program Files (x86)\android-studio\gradle\gradle-2.14.1\lib\gradle-launcher-2.14.1.jar
Launcher Type: SUN_STANDARD

Environment Variables:
JAVA_HOME=D:\Jdk\jdk_32
CLASSPATH=.;D:\Jdk\jdk_32\lib;D:\Jdk\jdk_32\lib\dt.jar;D:\Jdk\jdk_32\lib\tools.jar;
PATH=C:\ProgramData\Oracle\Java\javapath;D:\Mysql\mysql-5.6.24-win32\bin;D:\Jdk\jdk_32\bin;C:\Program Files (x86)\NVIDIA Corporation\PhysX\Common;C:\Program Files (x86)\Intel\iCLS Client\;C:\Program Files\Intel\iCLS Client\;C:\WINDOWS\system32;C:\WINDOWS;C:\WINDOWS\System32\Wbem;C:\WINDOWS\System32\WindowsPowerShell\v1.0\;C:\Program Files (x86)\Intel\Intel(R) Management Engine Components\DAL;C:\Program Files\Intel\Intel(R) Management Engine Components\DAL;C:\Program Files (x86)\Intel\Intel(R) Management Engine Components\IPT;C:\Program Files\Intel\Intel(R) Management Engine Components\IPT;D:\apache-tomcat-9.0.0.M6\lib;D:\apache-tomcat-9.0.0.M6\bin;C:\Program Files\nodejs\;D:\svn\bin;D:\tortoiseGit\bin;C:\Program Files\Git\cmd;C:\Users\john\AppData\Local\Microsoft\WindowsApps;C:\Users\john\AppData\Roaming\npm
USERNAME=john
OS=Windows_NT
PROCESSOR_IDENTIFIER=Intel64 Family 6 Model 61 Stepping 4, GenuineIntel



---------------  S Y S T E M  ---------------

OS: Windows 10.0 , 64 bit Build 14393 (10.0.14393.0)

CPU:total 4 (2 cores per cpu, 2 threads per core) family 6 model 61 stepping 4, cmov, cx8, fxsr, mmx, sse, sse2, sse3, ssse3, sse4.1, sse4.2, popcnt, avx, avx2, aes, clmul, erms, 3dnowpref, lzcnt, ht, tsc, tscinvbit, bmi1, bmi2, adx

Memory: 4k page, physical 12479908k(714496k free), swap 27947580k(4244k free)

vm_info: Java HotSpot(TM) 64-Bit Server VM (25.66-b18) for windows-amd64 JRE (1.8.0_66-b18), built on Nov  9 2015 10:51:13 by "java_re" with MS VC++ 10.0 (VS2010)

time: Fri Feb 17 14:12:54 2017
elapsed time: 31 seconds (0d 0h 0m 31s)

